d:\qt\mrstage-qt\spout2-2.007f\spoutsdk\spoutgl\vs2017\x64\debug\vc142.pdb
d:\qt\mrstage-qt\spout2-2.007f\spoutsdk\spoutgl\vs2017\x64\debug\vc142.idb
d:\qt\mrstage-qt\spout2-2.007f\spoutsdk\spoutgl\vs2017\x64\debug\spoututils.obj
d:\qt\mrstage-qt\spout2-2.007f\spoutsdk\spoutgl\vs2017\x64\debug\spoutsharedmemory.obj
d:\qt\mrstage-qt\spout2-2.007f\spoutsdk\spoutgl\vs2017\x64\debug\spoutsendernames.obj
d:\qt\mrstage-qt\spout2-2.007f\spoutsdk\spoutgl\vs2017\x64\debug\spoutsender.obj
d:\qt\mrstage-qt\spout2-2.007f\spoutsdk\spoutgl\vs2017\x64\debug\spoutreceiver.obj
d:\qt\mrstage-qt\spout2-2.007f\spoutsdk\spoutgl\vs2017\x64\debug\spoutglextensions.obj
d:\qt\mrstage-qt\spout2-2.007f\spoutsdk\spoutgl\vs2017\x64\debug\spoutgl.obj
d:\qt\mrstage-qt\spout2-2.007f\spoutsdk\spoutgl\vs2017\x64\debug\spoutframecount.obj
d:\qt\mrstage-qt\spout2-2.007f\spoutsdk\spoutgl\vs2017\x64\debug\spoutdirectx.obj
d:\qt\mrstage-qt\spout2-2.007f\spoutsdk\spoutgl\vs2017\x64\debug\spoutcopy.obj
d:\qt\mrstage-qt\spout2-2.007f\spoutsdk\spoutgl\vs2017\x64\debug\spout.obj
d:\qt\mrstage-qt\spout2-2.007f\spoutsdk\spoutgl\vs2017\x64\debug\spout.ilk
d:\qt\mrstage-qt\spout2-2.007f\spoutsdk\spoutgl\vs2017\x64\debug\spout.dll
d:\qt\mrstage-qt\spout2-2.007f\spoutsdk\spoutgl\vs2017\x64\debug\spout.pdb
d:\qt\mrstage-qt\spout2-2.007f\spoutsdk\spoutgl\vs2017\x64\debug\spout.lib
d:\qt\mrstage-qt\spout2-2.007f\spoutsdk\spoutgl\vs2017\x64\debug\spout.exp
d:\qt\mrstage-qt\spout2-2.007f\spoutsdk\spoutgl\vs2017\x64\debug\spoutsdk.tlog\cl.command.1.tlog
d:\qt\mrstage-qt\spout2-2.007f\spoutsdk\spoutgl\vs2017\x64\debug\spoutsdk.tlog\cl.read.1.tlog
d:\qt\mrstage-qt\spout2-2.007f\spoutsdk\spoutgl\vs2017\x64\debug\spoutsdk.tlog\cl.write.1.tlog
d:\qt\mrstage-qt\spout2-2.007f\spoutsdk\spoutgl\vs2017\x64\debug\spoutsdk.tlog\link.command.1.tlog
d:\qt\mrstage-qt\spout2-2.007f\spoutsdk\spoutgl\vs2017\x64\debug\spoutsdk.tlog\link.read.1.tlog
d:\qt\mrstage-qt\spout2-2.007f\spoutsdk\spoutgl\vs2017\x64\debug\spoutsdk.tlog\link.write.1.tlog
d:\qt\mrstage-qt\spout2-2.007f\spoutsdk\spoutgl\vs2017\x64\debug\spoutsdk.tlog\spoutsdk.write.1u.tlog
